<component name="libraryTable">
  <library name="junit-4.13-beta-1">
    <CLASSES>
      <root url="jar://$USER_HOME$/Downloads/junit-4.13-beta-1.jar!/" />
      <root url="jar://$USER_HOME$/Downloads/hamcrest-all-1.3.jar!/" />
    </CLASSES>
    <JAVADOC />
    <SOURCES />
  </library>
</component>